[2023-11-23 17:19:00] Se ha creado un nuevo animal: (655f7b74e7bd6) Zorro
[2023-11-23 17:19:55] Se ha creado un nuevo animal: (655f7bab4124a) Pajaro
[2023-11-23 17:20:25] Se ha creado un nuevo animal: (655f7bc9dc2fd) ballena
[2023-11-25 15:14:26] Se ha creado un nuevo animal: (65620142436f7) Ballena
[2023-11-25 15:17:49] Se ha creado un nuevo animal: (6562020d6462e) zorro
[2023-11-25 15:20:05] Se ha creado un nuevo animal: (656202952f203) zorro
[2023-11-25 15:21:08] Se ha creado un nuevo animal: (656202d4700b3) Zorro
[2023-11-25 15:21:23] Se ha creado un nuevo animal: (656202e381cbe) Ballena
[2023-11-25 15:22:43] Se ha creado un nuevo animal: (656203337469b) Zorro
[2023-11-25 15:23:02] Se ha creado un nuevo animal: (656203464cdc7) Pajaro
[2023-11-25 15:23:17] Se ha creado un nuevo animal: (65620355eaf7a) Ballena
[2023-11-25 15:40:14] Se ha creado un nuevo animal: (6562074ebc58f) Ballena
[2023-11-25 15:40:41] Se ha creado un nuevo animal: (656207693a1df) s
[2023-11-25 15:41:01] Se ha creado un nuevo animal: (6562077d63801) a
[2023-11-25 15:41:09] Se ha creado un nuevo animal: (65620785bdb3b) a
[2023-11-25 15:41:57] Se ha creado un nuevo animal: (656207b553857) a
[2023-11-25 15:47:14] Se ha creado un nuevo animal: (656208f2764ed) Zorro
[2023-11-25 15:57:30] Se ha creado un nuevo animal: (65620b5a39bc8) ballena
[2023-11-25 15:57:45] Se ha creado un nuevo animal: (65620b69879fe) we
[2023-11-25 16:03:57] Se ha creado un nuevo animal: (65620cdd7e59a) we
[2023-11-25 16:06:01] Se ha creado un nuevo animal: (65620d5916f26) we
[2023-11-25 16:06:32] Se ha creado un nuevo animal: (65620d782869a) we
[2023-11-26 15:59:30] Se ha creado un nuevo animal: (65635d525d4f5) eer
[2023-11-26 16:01:50] Se ha creado un nuevo animal: (65635dde33d16) ewrew
[2023-11-26 16:02:04] Se ha creado un nuevo animal: (65635decd3211) wer
[2023-11-26 16:03:02] Se ha creado un nuevo animal: (65635e264b2e1) ttt
